
svl clean info: [persistent] 1euro.aut

svl clean info: [temporary] 1euro.exp

% 2>>"ExtendedVendingMachine.log" rm -f "1euro.exp" ; touch "1euro.exp"
command exit with status 0

"1euro.exp" =
    "1euroManagment.aut"
    |["empty1euro"]|
    "1euroStorage.aut"

"1euro.aut" = generation of "1euro.exp"

svl clean info: [temporary] generator

svl clean info: [temporary] generator.o

svl clean info: [temporary] 1euro.c

svl clean info: [temporary] 1euro.o

svl clean info: [temporary] svl000_output.bcg

% 1>&2 exp.open    "1euro.exp"  generator  "svl000_output.bcg"
-- exp.open 2.1 -- Frederic Lang (INRIA Rhone-Alpes) --
exp.open: using ``/appl/cadp/2008-e-rc7/src/open_caesar/generator.c''
exp.open: generating 1euro.c ...
exp2c: converting ``1euroManagment.aut'' into ``1euroManagment.bcg''
exp2c: converting ``1euroStorage.aut'' into ``1euroStorage.bcg''
exp.open: compiling 1euro.c ...
/appl/cadp/2008-e-rc7/src/com/cadp_cc   -c -I/appl/cadp/2008-e-rc7/incl -o 1euro.o 1euro.c
/appl/cadp/2008-e-rc7/src/com/cadp_cc -I. -I/appl/cadp/2008-e-rc7/incl -I/appl/cadp/2008-e-rc7/src/open_caesar  -c /appl/cadp/2008-e-rc7/src/open_caesar/generator.c -o generator.o
/appl/cadp/2008-e-rc7/src/com/cadp_cc  generator.o 1euro.o -o generator -L/appl/cadp/2008-e-rc7/bin.x64 -lexp_open -L/appl/cadp/2008-e-rc7/bin.x64 -lBCG_IO -lBCG -lcaesar -lm -L/appl/cadp/2008-e-rc7/bin.x64 -lBCG_IO -lBCG -lm
exp.open: running ``generator svl000_output.bcg'' for ``./1euro.exp''
command exit with status 0

svl clean info: [temporary] svl000_output.bcg

% 1>&2 bcg_io   "svl000_output.bcg"   "1euro.aut"
command exit with status 0

info about 1euro.aut:
    (* 6 states, 6 transitions, 0.1 Kbytes *)

svl clean info: [persistent] 2euro.aut

svl clean info: [temporary] 2euro.exp

% 2>>"ExtendedVendingMachine.log" rm -f "2euro.exp" ; touch "2euro.exp"
command exit with status 0

"2euro.exp" =
    "2euroManagment.aut"
    |["empty2euro"]|
    "2euroStorage.aut"

"2euro.aut" = generation of "2euro.exp"

svl clean info: [temporary] generator

svl clean info: [temporary] generator.o

svl clean info: [temporary] 2euro.c

svl clean info: [temporary] 2euro.o

svl clean info: [temporary] svl000_output.bcg

% 1>&2 exp.open    "2euro.exp"  generator  "svl000_output.bcg"
-- exp.open 2.1 -- Frederic Lang (INRIA Rhone-Alpes) --
exp.open: using ``/appl/cadp/2008-e-rc7/src/open_caesar/generator.c''
exp.open: generating 2euro.c ...
exp2c: converting ``2euroManagment.aut'' into ``2euroManagment.bcg''
exp2c: converting ``2euroStorage.aut'' into ``2euroStorage.bcg''
exp.open: compiling 2euro.c ...
/appl/cadp/2008-e-rc7/src/com/cadp_cc   -c -I/appl/cadp/2008-e-rc7/incl -o 2euro.o 2euro.c
/appl/cadp/2008-e-rc7/src/com/cadp_cc -I. -I/appl/cadp/2008-e-rc7/incl -I/appl/cadp/2008-e-rc7/src/open_caesar  -c /appl/cadp/2008-e-rc7/src/open_caesar/generator.c -o generator.o
/appl/cadp/2008-e-rc7/src/com/cadp_cc  generator.o 2euro.o -o generator -L/appl/cadp/2008-e-rc7/bin.x64 -lexp_open -L/appl/cadp/2008-e-rc7/bin.x64 -lBCG_IO -lBCG -lcaesar -lm -L/appl/cadp/2008-e-rc7/bin.x64 -lBCG_IO -lBCG -lm
exp.open: running ``generator svl000_output.bcg'' for ``./2euro.exp''
command exit with status 0

svl clean info: [temporary] svl000_output.bcg

% 1>&2 bcg_io   "svl000_output.bcg"   "2euro.aut"
command exit with status 0

info about 2euro.aut:
    (* 6 states, 6 transitions, 0.1 Kbytes *)

svl clean info: [persistent] CoinManagment.aut

svl clean info: [temporary] CoinManagment.exp

% 2>>"ExtendedVendingMachine.log" rm -f "CoinManagment.exp" ; touch "CoinManagment.exp"
command exit with status 0

"CoinManagment.exp" =
    "1euro.aut"
    |||
    "2euro.aut"

"CoinManagment.aut" = generation of "CoinManagment.exp"

svl clean info: [temporary] generator

svl clean info: [temporary] generator.o

svl clean info: [temporary] CoinManagment.c

svl clean info: [temporary] CoinManagment.o

svl clean info: [temporary] svl000_output.bcg

% 1>&2 exp.open    "CoinManagment.exp"  generator  "svl000_output.bcg"
-- exp.open 2.1 -- Frederic Lang (INRIA Rhone-Alpes) --
exp.open: using ``/appl/cadp/2008-e-rc7/src/open_caesar/generator.c''
exp.open: generating CoinManagment.c ...
exp2c: converting ``1euro.aut'' into ``1euro.bcg''
exp2c: converting ``2euro.aut'' into ``2euro.bcg''
exp.open: compiling CoinManagment.c ...
/appl/cadp/2008-e-rc7/src/com/cadp_cc   -c -I/appl/cadp/2008-e-rc7/incl -o CoinManagment.o CoinManagment.c
/appl/cadp/2008-e-rc7/src/com/cadp_cc -I. -I/appl/cadp/2008-e-rc7/incl -I/appl/cadp/2008-e-rc7/src/open_caesar  -c /appl/cadp/2008-e-rc7/src/open_caesar/generator.c -o generator.o
/appl/cadp/2008-e-rc7/src/com/cadp_cc  generator.o CoinManagment.o -o generator -L/appl/cadp/2008-e-rc7/bin.x64 -lexp_open -L/appl/cadp/2008-e-rc7/bin.x64 -lBCG_IO -lBCG -lcaesar -lm -L/appl/cadp/2008-e-rc7/bin.x64 -lBCG_IO -lBCG -lm
exp.open: running ``generator svl000_output.bcg'' for ``./CoinManagment.exp''
command exit with status 0

svl clean info: [temporary] svl000_output.bcg

% 1>&2 bcg_io   "svl000_output.bcg"   "CoinManagment.aut"
command exit with status 0

info about CoinManagment.aut:
    (* 36 states, 72 transitions, 1.4 Kbytes *)

svl clean info: [persistent] Cola.aut

svl clean info: [temporary] Cola.exp

% 2>>"ExtendedVendingMachine.log" rm -f "Cola.exp" ; touch "Cola.exp"
command exit with status 0

"Cola.exp" =
    "ColaManagment.aut"
    |["refillCola"]|
    "ColaStorage.aut"

"Cola.aut" = generation of "Cola.exp"

svl clean info: [temporary] generator

svl clean info: [temporary] generator.o

svl clean info: [temporary] Cola.c

svl clean info: [temporary] Cola.o

svl clean info: [temporary] svl000_output.bcg

% 1>&2 exp.open    "Cola.exp"  generator  "svl000_output.bcg"
-- exp.open 2.1 -- Frederic Lang (INRIA Rhone-Alpes) --
exp.open: using ``/appl/cadp/2008-e-rc7/src/open_caesar/generator.c''
exp.open: generating Cola.c ...
exp2c: converting ``ColaManagment.aut'' into ``ColaManagment.bcg''
exp2c: converting ``ColaStorage.aut'' into ``ColaStorage.bcg''
exp.open: compiling Cola.c ...
/appl/cadp/2008-e-rc7/src/com/cadp_cc   -c -I/appl/cadp/2008-e-rc7/incl -o Cola.o Cola.c
/appl/cadp/2008-e-rc7/src/com/cadp_cc -I. -I/appl/cadp/2008-e-rc7/incl -I/appl/cadp/2008-e-rc7/src/open_caesar  -c /appl/cadp/2008-e-rc7/src/open_caesar/generator.c -o generator.o
/appl/cadp/2008-e-rc7/src/com/cadp_cc  generator.o Cola.o -o generator -L/appl/cadp/2008-e-rc7/bin.x64 -lexp_open -L/appl/cadp/2008-e-rc7/bin.x64 -lBCG_IO -lBCG -lcaesar -lm -L/appl/cadp/2008-e-rc7/bin.x64 -lBCG_IO -lBCG -lm
exp.open: running ``generator svl000_output.bcg'' for ``./Cola.exp''
command exit with status 0

svl clean info: [temporary] svl000_output.bcg

% 1>&2 bcg_io   "svl000_output.bcg"   "Cola.aut"
command exit with status 0

info about Cola.aut:
    (* 4 states, 4 transitions, 0.0 Kbytes *)

svl clean info: [persistent] Water.aut

svl clean info: [temporary] Water.exp

% 2>>"ExtendedVendingMachine.log" rm -f "Water.exp" ; touch "Water.exp"
command exit with status 0

"Water.exp" =
    "WaterManagment.aut"
    |["refillWater"]|
    "WaterStorage.aut"

"Water.aut" = generation of "Water.exp"

svl clean info: [temporary] generator

svl clean info: [temporary] generator.o

svl clean info: [temporary] Water.c

svl clean info: [temporary] Water.o

svl clean info: [temporary] svl000_output.bcg

% 1>&2 exp.open    "Water.exp"  generator  "svl000_output.bcg"
-- exp.open 2.1 -- Frederic Lang (INRIA Rhone-Alpes) --
exp.open: using ``/appl/cadp/2008-e-rc7/src/open_caesar/generator.c''
exp.open: generating Water.c ...
exp2c: converting ``WaterManagment.aut'' into ``WaterManagment.bcg''
exp2c: converting ``WaterStorage.aut'' into ``WaterStorage.bcg''
exp.open: compiling Water.c ...
/appl/cadp/2008-e-rc7/src/com/cadp_cc   -c -I/appl/cadp/2008-e-rc7/incl -o Water.o Water.c
/appl/cadp/2008-e-rc7/src/com/cadp_cc -I. -I/appl/cadp/2008-e-rc7/incl -I/appl/cadp/2008-e-rc7/src/open_caesar  -c /appl/cadp/2008-e-rc7/src/open_caesar/generator.c -o generator.o
/appl/cadp/2008-e-rc7/src/com/cadp_cc  generator.o Water.o -o generator -L/appl/cadp/2008-e-rc7/bin.x64 -lexp_open -L/appl/cadp/2008-e-rc7/bin.x64 -lBCG_IO -lBCG -lcaesar -lm -L/appl/cadp/2008-e-rc7/bin.x64 -lBCG_IO -lBCG -lm
exp.open: running ``generator svl000_output.bcg'' for ``./Water.exp''
command exit with status 0

svl clean info: [temporary] svl000_output.bcg

% 1>&2 bcg_io   "svl000_output.bcg"   "Water.aut"
command exit with status 0

info about Water.aut:
    (* 4 states, 4 transitions, 0.0 Kbytes *)

svl clean info: [persistent] BottleManagment.aut

svl clean info: [temporary] BottleManagment.exp

% 2>>"ExtendedVendingMachine.log" rm -f "BottleManagment.exp" ; touch "BottleManagment.exp"
command exit with status 0

"BottleManagment.exp" =
    "Cola.aut"
    |||
    "Water.aut"

"BottleManagment.aut" = generation of "BottleManagment.exp"

svl clean info: [temporary] generator

svl clean info: [temporary] generator.o

svl clean info: [temporary] BottleManagment.c

svl clean info: [temporary] BottleManagment.o

svl clean info: [temporary] svl000_output.bcg

% 1>&2 exp.open    "BottleManagment.exp"  generator  "svl000_output.bcg"
-- exp.open 2.1 -- Frederic Lang (INRIA Rhone-Alpes) --
exp.open: using ``/appl/cadp/2008-e-rc7/src/open_caesar/generator.c''
exp.open: generating BottleManagment.c ...
exp2c: converting ``Cola.aut'' into ``Cola.bcg''
exp2c: converting ``Water.aut'' into ``Water.bcg''
exp.open: compiling BottleManagment.c ...
/appl/cadp/2008-e-rc7/src/com/cadp_cc   -c -I/appl/cadp/2008-e-rc7/incl -o BottleManagment.o BottleManagment.c
/appl/cadp/2008-e-rc7/src/com/cadp_cc -I. -I/appl/cadp/2008-e-rc7/incl -I/appl/cadp/2008-e-rc7/src/open_caesar  -c /appl/cadp/2008-e-rc7/src/open_caesar/generator.c -o generator.o
/appl/cadp/2008-e-rc7/src/com/cadp_cc  generator.o BottleManagment.o -o generator -L/appl/cadp/2008-e-rc7/bin.x64 -lexp_open -L/appl/cadp/2008-e-rc7/bin.x64 -lBCG_IO -lBCG -lcaesar -lm -L/appl/cadp/2008-e-rc7/bin.x64 -lBCG_IO -lBCG -lm
exp.open: running ``generator svl000_output.bcg'' for ``./BottleManagment.exp''
command exit with status 0

svl clean info: [temporary] svl000_output.bcg

% 1>&2 bcg_io   "svl000_output.bcg"   "BottleManagment.aut"
command exit with status 0

info about BottleManagment.aut:
    (* 16 states, 32 transitions, 0.5 Kbytes *)

svl clean info: [persistent] ExtendedVendingMachine.aut

svl clean info: [temporary] ExtendedVendingMachine.exp

% 2>>"ExtendedVendingMachine.log" rm -f "ExtendedVendingMachine.exp" ; touch "ExtendedVendingMachine.exp"
command exit with status 0

"ExtendedVendingMachine.exp" =
    (
        "PN.aut"
        |["store1euro", "store2euro"]|
        "CoinManagment.aut"
    )
    |["getCola", "getWater"]|
    "BottleManagment.aut"

"ExtendedVendingMachine.aut" = generation of "ExtendedVendingMachine.exp"

svl clean info: [temporary] generator

svl clean info: [temporary] generator.o

svl clean info: [temporary] ExtendedVendingMachine.c

svl clean info: [temporary] ExtendedVendingMachine.o

svl clean info: [temporary] svl000_output.bcg

% 1>&2 exp.open    "ExtendedVendingMachine.exp"  generator  "svl000_output.bcg"
-- exp.open 2.1 -- Frederic Lang (INRIA Rhone-Alpes) --
exp.open: using ``/appl/cadp/2008-e-rc7/src/open_caesar/generator.c''
exp.open: generating ExtendedVendingMachine.c ...
exp2c: converting ``PN.aut'' into ``PN.bcg''
exp2c: converting ``CoinManagment.aut'' into ``CoinManagment.bcg''
exp2c: converting ``BottleManagment.aut'' into ``BottleManagment.bcg''
exp.open: compiling ExtendedVendingMachine.c ...
/appl/cadp/2008-e-rc7/src/com/cadp_cc   -c -I/appl/cadp/2008-e-rc7/incl -o ExtendedVendingMachine.o ExtendedVendingMachine.c
/appl/cadp/2008-e-rc7/src/com/cadp_cc -I. -I/appl/cadp/2008-e-rc7/incl -I/appl/cadp/2008-e-rc7/src/open_caesar  -c /appl/cadp/2008-e-rc7/src/open_caesar/generator.c -o generator.o
/appl/cadp/2008-e-rc7/src/com/cadp_cc  generator.o ExtendedVendingMachine.o -o generator -L/appl/cadp/2008-e-rc7/bin.x64 -lexp_open -L/appl/cadp/2008-e-rc7/bin.x64 -lBCG_IO -lBCG -lcaesar -lm -L/appl/cadp/2008-e-rc7/bin.x64 -lBCG_IO -lBCG -lm
exp.open: running ``generator svl000_output.bcg'' for ``./ExtendedVendingMachine.exp''
command exit with status 0

svl clean info: [temporary] svl000_output.bcg

% 1>&2 bcg_io   "svl000_output.bcg"   "ExtendedVendingMachine.aut"
command exit with status 0

info about ExtendedVendingMachine.aut:
    (* 4032 states, 7488 transitions, 174.9 Kbytes *)

svl clean info: [persistent] MandatoryAssigment.aut

svl clean info: [temporary] MandatoryAssigment.exp

% 2>>"ExtendedVendingMachine.log" rm -f "MandatoryAssigment.exp" ; touch "MandatoryAssigment.exp"
command exit with status 0

"MandatoryAssigment.exp" =
    "ExtendedVendingMachine.aut"
    |["1euro", "2euro", "bottleOfCola", "bottleOfWater"]|
    "CU.aut"

"MandatoryAssigment.aut" = generation of "MandatoryAssigment.exp"

svl clean info: [temporary] generator

svl clean info: [temporary] generator.o

svl clean info: [temporary] MandatoryAssigment.c

svl clean info: [temporary] MandatoryAssigment.o

svl clean info: [temporary] svl000_output.bcg

% 1>&2 exp.open    "MandatoryAssigment.exp"  generator  "svl000_output.bcg"
-- exp.open 2.1 -- Frederic Lang (INRIA Rhone-Alpes) --
exp.open: using ``/appl/cadp/2008-e-rc7/src/open_caesar/generator.c''
exp.open: generating MandatoryAssigment.c ...
exp2c: converting ``ExtendedVendingMachine.aut'' into ``ExtendedVendingMachine.bcg''
exp2c: converting ``CU.aut'' into ``CU.bcg''
exp.open: compiling MandatoryAssigment.c ...
/appl/cadp/2008-e-rc7/src/com/cadp_cc   -c -I/appl/cadp/2008-e-rc7/incl -o MandatoryAssigment.o MandatoryAssigment.c
/appl/cadp/2008-e-rc7/src/com/cadp_cc -I. -I/appl/cadp/2008-e-rc7/incl -I/appl/cadp/2008-e-rc7/src/open_caesar  -c /appl/cadp/2008-e-rc7/src/open_caesar/generator.c -o generator.o
/appl/cadp/2008-e-rc7/src/com/cadp_cc  generator.o MandatoryAssigment.o -o generator -L/appl/cadp/2008-e-rc7/bin.x64 -lexp_open -L/appl/cadp/2008-e-rc7/bin.x64 -lBCG_IO -lBCG -lcaesar -lm -L/appl/cadp/2008-e-rc7/bin.x64 -lBCG_IO -lBCG -lm
exp.open: running ``generator svl000_output.bcg'' for ``./MandatoryAssigment.exp''
command exit with status 0

svl clean info: [temporary] svl000_output.bcg

% 1>&2 bcg_io   "svl000_output.bcg"   "MandatoryAssigment.aut"
command exit with status 0

info about MandatoryAssigment.aut:
    (* 4032 states, 7488 transitions, 174.9 Kbytes *)

